-------------------------------------------------------------------------------
Test set: com.paypay.ems.EmsApplicationTests
-------------------------------------------------------------------------------
Tests run: 1, Failures: 0, Errors: 1, Skipped: 0, Time elapsed: 0.301 s <<< FAILURE! - in com.paypay.ems.EmsApplicationTests
com.paypay.ems.EmsApplicationTests  Time elapsed: 0.298 s  <<< ERROR!
java.lang.IllegalStateException: Unable to find a @SpringBootConfiguration, you need to use @ContextConfiguration or @SpringBootTest(classes=...) with your test

