<?xml version="1.0" encoding="UTF-8"?>
<testsuite xmlns:xsi="http://www.w3.org/2001/XMLSchema-instance" xsi:noNamespaceSchemaLocation="https://maven.apache.org/surefire/maven-surefire-plugin/xsd/surefire-test-report.xsd" name="com.paypay.ems.EmsApplicationTests" time="0.301" tests="1" errors="1" skipped="0" failures="0">
  <properties>
[...]
</properties>
  <testcase name="com.paypay.ems.EmsApplicationTests" classname="com.paypay.ems.EmsApplicationTests" time="0.298">
    <error message="Unable to find a @SpringBootConfiguration, you need to use @ContextConfiguration or @SpringBootTest(classes=...) with your test" type="java.lang.IllegalStateException">java.lang.IllegalStateException: Unable to find a @SpringBootConfiguration, you need to use @ContextConfiguration or @SpringBootTest(classes=...) with your test
</error>
    <system-out><![CDATA[11:06:45.224 [main] DEBUG org.springframework.test.context.BootstrapUtils - Instantiating CacheAwareContextLoaderDelegate from class [org.springframework.test.context.cache.DefaultCacheAwareContextLoaderDelegate]
11:06:45.243 [main] DEBUG org.springframework.test.context.BootstrapUtils - Instantiating BootstrapContext using constructor [public org.springframework.test.context.support.DefaultBootstrapContext(java.lang.Class,org.springframework.test.context.CacheAwareContextLoaderDelegate)]
11:06:45.285 [main] DEBUG org.springframework.test.context.BootstrapUtils - Instantiating TestContextBootstrapper for test class [com.paypay.ems.EmsApplicationTests] from class [org.springframework.boot.test.context.SpringBootTestContextBootstrapper]
11:06:45.303 [main] INFO org.springframework.boot.test.context.SpringBootTestContextBootstrapper - Neither @ContextConfiguration nor @ContextHierarchy found for test class [com.paypay.ems.EmsApplicationTests], using SpringBootContextLoader
11:06:45.308 [main] DEBUG org.springframework.test.context.support.AbstractContextLoader - Did not detect default resource location for test class [com.paypay.ems.EmsApplicationTests]: class path resource [com/paypay/ems/EmsApplicationTests-context.xml] does not exist
11:06:45.308 [main] DEBUG org.springframework.test.context.support.AbstractContextLoader - Did not detect default resource location for test class [com.paypay.ems.EmsApplicationTests]: class path resource [com/paypay/ems/EmsApplicationTestsContext.groovy] does not exist
11:06:45.308 [main] INFO org.springframework.test.context.support.AbstractContextLoader - Could not detect default resource locations for test class [com.paypay.ems.EmsApplicationTests]: no resource found for suffixes {-context.xml, Context.groovy}.
11:06:45.309 [main] INFO org.springframework.test.context.support.AnnotationConfigContextLoaderUtils - Could not detect default configuration classes for test class [com.paypay.ems.EmsApplicationTests]: EmsApplicationTests does not declare any static, non-private, non-final, nested classes annotated with @Configuration.
11:06:45.373 [main] DEBUG org.springframework.test.context.support.ActiveProfilesUtils - Could not find an 'annotation declaring class' for annotation type [org.springframework.test.context.ActiveProfiles] and class [com.paypay.ems.EmsApplicationTests]
]]></system-out>
  </testcase>
</testsuite>